2023-04-03 09:06:06.134 [warning] /home/gitpod/.ssh/config: ENOENT: no such file or directory, open '/home/gitpod/.ssh/config'
2023-04-03 09:06:06.134 [info] TemporaryState> Error in initialization: Unable to delete nonexistent file 'vscode-remote://dee68-boutiqueado-62hsbicy7pj.ws-eu93.gitpod.io/workspace/.vscode-remote/data/User/globalStorage/github.vscode-pull-request-github/temp'
2023-04-03 09:06:06.433 [info] Looking for git repository
2023-04-03 09:06:06.433 [info] Found 0 repositories during activation
2023-04-03 09:06:06.433 [info] Git repository found, initializing review manager and pr tree view.
2023-04-03 09:06:06.446 [info] Registering git provider
2023-04-03 09:06:06.446 [info] Review> Validate state in progress
2023-04-03 09:06:06.446 [info] Review> Validating state...
2023-04-03 09:06:06.493 [info] Found GitHub remote for folder /workspace/boutique_ado
2023-04-03 09:06:06.952 [info] Repo state for file:///workspace/boutique_ado changed.
2023-04-03 09:06:06.952 [info] Repo file:///workspace/boutique_ado has already been setup.
2023-04-03 09:06:06.954 [info] Review> no matching pull request metadata found for current branch main
2023-04-03 09:06:07.193 [info] Review> No matching pull request metadata found on GitHub for current branch main
2023-04-03 09:13:57.641 [info] Review> Validate state in progress
2023-04-03 09:13:57.641 [info] Review> Validating state...
2023-04-03 09:13:57.771 [info] Found GitHub remote for folder /workspace/boutique_ado
2023-04-03 09:13:57.856 [info] Review> no matching pull request metadata found for current branch main
2023-04-03 09:13:58.080 [info] Review> No matching pull request metadata found on GitHub for current branch main
2023-04-03 09:14:08.617 [info] Review> Validate state in progress
2023-04-03 09:14:08.617 [info] Review> Validating state...
2023-04-03 09:14:08.650 [info] Found GitHub remote for folder /workspace/boutique_ado
2023-04-03 09:14:08.765 [info] Review> no matching pull request metadata found for current branch main
2023-04-03 09:14:09.007 [info] Review> No matching pull request metadata found on GitHub for current branch main
