2023-04-03 09:26:19.010 [info] Log level: Info
2023-04-03 09:26:19.011 [info] Validating found git in: "git"
2023-04-03 09:26:19.011 [info] Using git "2.40.0" from "git"
2023-04-03 09:26:19.011 [info] > git rev-parse --show-toplevel [7ms]
2023-04-03 09:26:19.011 [info] > git rev-parse --git-dir --git-common-dir [4ms]
2023-04-03 09:26:19.011 [info] Open repository: /workspace/boutique_ado
2023-04-03 09:26:19.011 [info] > git rev-parse --show-toplevel [34ms]
2023-04-03 09:26:19.011 [info] > git config --get commit.template [39ms]
2023-04-03 09:26:19.011 [info] > git rev-parse --show-toplevel [4ms]
2023-04-03 09:26:19.011 [info] > git for-each-ref --format=%(refname)%00%(upstream:short)%00%(objectname)%00%(upstream:track)%00%(upstream:remotename)%00%(upstream:remoteref) refs/heads/main refs/remotes/main [10ms]
2023-04-03 09:26:19.011 [info] > git rev-parse --show-toplevel [48ms]
2023-04-03 09:26:19.011 [info] > git status -z -uall [6ms]
2023-04-03 09:26:19.011 [info] > git config --get commit.template [1ms]
2023-04-03 09:26:19.011 [info] > git for-each-ref --format=%(refname)%00%(upstream:short)%00%(objectname)%00%(upstream:track)%00%(upstream:remotename)%00%(upstream:remoteref) refs/heads/main refs/remotes/main [2ms]
2023-04-03 09:26:19.011 [info] > git status -z -uall [14ms]
2023-04-03 09:26:19.011 [info] > git check-ignore -v -z --stdin [30ms]
2023-04-03 09:26:19.056 [info] > git show --textconv :boutique_ado/settings.py [24ms]
2023-04-03 09:26:19.066 [info] > git ls-files --stage -- /workspace/boutique_ado/boutique_ado/settings.py [13ms]
2023-04-03 09:26:19.091 [info] > git cat-file -s fe166938529a28a7cdc3253004e5572f00f4cf90 [6ms]
2023-04-03 09:26:19.945 [info] > git config --local branch.main.github-pr-owner-number [77ms]
2023-04-03 09:26:19.991 [info] > git config --get commit.template [5ms]
2023-04-03 09:26:20.029 [info] > git for-each-ref --format=%(refname)%00%(upstream:short)%00%(objectname)%00%(upstream:track)%00%(upstream:remotename)%00%(upstream:remoteref) refs/heads/main refs/remotes/main [17ms]
2023-04-03 09:26:20.052 [info] > git status -z -uall [2ms]
2023-04-03 09:26:34.062 [info] > git config --get commit.template [3ms]
2023-04-03 09:26:34.087 [info] > git for-each-ref --format=%(refname)%00%(upstream:short)%00%(objectname)%00%(upstream:track)%00%(upstream:remotename)%00%(upstream:remoteref) refs/heads/main refs/remotes/main [3ms]
2023-04-03 09:26:34.114 [info] > git status -z -uall [3ms]
2023-04-03 09:27:42.298 [info] > git config --get commit.template [13ms]
2023-04-03 09:27:42.299 [info] > git for-each-ref --format=%(refname)%00%(upstream:short)%00%(objectname)%00%(upstream:track)%00%(upstream:remotename)%00%(upstream:remoteref) refs/heads/main refs/remotes/main [2ms]
2023-04-03 09:27:42.311 [info] > git status -z -uall [2ms]
2023-04-03 09:28:17.901 [info] > git config --get commit.template [14ms]
2023-04-03 09:28:17.901 [info] > git for-each-ref --format=%(refname)%00%(upstream:short)%00%(objectname)%00%(upstream:track)%00%(upstream:remotename)%00%(upstream:remoteref) refs/heads/main refs/remotes/main [2ms]
2023-04-03 09:28:17.914 [info] > git status -z -uall [2ms]
2023-04-03 09:31:19.494 [info] > git config --local branch.main.github-pr-owner-number [1ms]
2023-04-03 09:31:19.526 [info] > git config --get commit.template [16ms]
2023-04-03 09:31:19.527 [info] > git for-each-ref --format=%(refname)%00%(upstream:short)%00%(objectname)%00%(upstream:track)%00%(upstream:remotename)%00%(upstream:remoteref) refs/heads/main refs/remotes/main [2ms]
2023-04-03 09:31:19.546 [info] > git status -z -uall [2ms]
2023-04-03 09:32:43.146 [info] > git show --textconv :boutique_ado/urls.py [18ms]
2023-04-03 09:32:43.148 [info] > git ls-files --stage -- /workspace/boutique_ado/boutique_ado/urls.py [2ms]
2023-04-03 09:32:43.165 [info] > git cat-file -s 8075b6ac09a83623c0134aece0932e3f80875601 [2ms]
2023-04-03 09:33:39.018 [info] > git config --get commit.template [16ms]
2023-04-03 09:33:39.019 [info] > git for-each-ref --format=%(refname)%00%(upstream:short)%00%(objectname)%00%(upstream:track)%00%(upstream:remotename)%00%(upstream:remoteref) refs/heads/main refs/remotes/main [1ms]
2023-04-03 09:33:39.033 [info] > git status -z -uall [2ms]
2023-04-03 09:34:11.148 [info] > git config --get commit.template [18ms]
2023-04-03 09:34:11.149 [info] > git for-each-ref --format=%(refname)%00%(upstream:short)%00%(objectname)%00%(upstream:track)%00%(upstream:remotename)%00%(upstream:remoteref) refs/heads/main refs/remotes/main [2ms]
2023-04-03 09:34:11.166 [info] > git status -z -uall [2ms]
2023-04-03 09:35:39.802 [info] > git config --get commit.template [2ms]
2023-04-03 09:35:39.819 [info] > git for-each-ref --format=%(refname)%00%(upstream:short)%00%(objectname)%00%(upstream:track)%00%(upstream:remotename)%00%(upstream:remoteref) refs/heads/main refs/remotes/main [2ms]
2023-04-03 09:35:39.836 [info] > git status -z -uall [2ms]
2023-04-03 09:36:19.567 [info] > git config --local branch.main.github-pr-owner-number [2ms]
2023-04-03 09:36:19.596 [info] > git config --get commit.template [15ms]
2023-04-03 09:36:19.597 [info] > git for-each-ref --format=%(refname)%00%(upstream:short)%00%(objectname)%00%(upstream:track)%00%(upstream:remotename)%00%(upstream:remoteref) refs/heads/main refs/remotes/main [2ms]
2023-04-03 09:36:19.613 [info] > git status -z -uall [1ms]
2023-04-03 09:37:55.718 [info] > git config --get commit.template [1ms]
2023-04-03 09:37:55.740 [info] > git for-each-ref --format=%(refname)%00%(upstream:short)%00%(objectname)%00%(upstream:track)%00%(upstream:remotename)%00%(upstream:remoteref) refs/heads/main refs/remotes/main [2ms]
2023-04-03 09:37:55.763 [info] > git status -z -uall [3ms]
2023-04-03 09:38:00.811 [info] > git config --get commit.template [0ms]
2023-04-03 09:38:00.842 [info] > git for-each-ref --format=%(refname)%00%(upstream:short)%00%(objectname)%00%(upstream:track)%00%(upstream:remotename)%00%(upstream:remoteref) refs/heads/main refs/remotes/main [4ms]
2023-04-03 09:38:00.884 [info] > git status -z -uall [1ms]
2023-04-03 09:41:19.639 [info] > git config --local branch.main.github-pr-owner-number [1ms]
2023-04-03 09:41:19.678 [info] > git config --get commit.template [19ms]
2023-04-03 09:41:19.679 [info] > git for-each-ref --format=%(refname)%00%(upstream:short)%00%(objectname)%00%(upstream:track)%00%(upstream:remotename)%00%(upstream:remoteref) refs/heads/main refs/remotes/main [2ms]
2023-04-03 09:41:19.699 [info] > git status -z -uall [1ms]
2023-04-03 09:46:19.722 [info] > git config --local branch.main.github-pr-owner-number [2ms]
2023-04-03 09:46:19.749 [info] > git config --get commit.template [11ms]
2023-04-03 09:46:19.750 [info] > git for-each-ref --format=%(refname)%00%(upstream:short)%00%(objectname)%00%(upstream:track)%00%(upstream:remotename)%00%(upstream:remoteref) refs/heads/main refs/remotes/main [1ms]
2023-04-03 09:46:19.762 [info] > git status -z -uall [2ms]
