2023-04-03 09:40:33.492 [info] Log level: Info
2023-04-03 09:40:33.492 [info] Validating found git in: "git"
2023-04-03 09:40:33.492 [info] Using git "2.40.0" from "git"
2023-04-03 09:40:33.492 [info] > git rev-parse --show-toplevel [10ms]
2023-04-03 09:40:33.492 [info] > git rev-parse --git-dir --git-common-dir [21ms]
2023-04-03 09:40:33.492 [info] Open repository: /workspace/boutique_ado
2023-04-03 09:40:33.492 [info] > git rev-parse --show-toplevel [26ms]
2023-04-03 09:40:33.492 [info] > git config --get commit.template [24ms]
2023-04-03 09:40:33.492 [info] > git rev-parse --show-toplevel [3ms]
2023-04-03 09:40:33.492 [info] > git for-each-ref --format=%(refname)%00%(upstream:short)%00%(objectname)%00%(upstream:track)%00%(upstream:remotename)%00%(upstream:remoteref) refs/heads/main refs/remotes/main [5ms]
2023-04-03 09:40:33.492 [info] > git rev-parse --show-toplevel [38ms]
2023-04-03 09:40:33.492 [info] > git status -z -uall [4ms]
2023-04-03 09:40:33.492 [info] > git config --get commit.template [65ms]
2023-04-03 09:40:33.492 [info] > git for-each-ref --format=%(refname)%00%(upstream:short)%00%(objectname)%00%(upstream:track)%00%(upstream:remotename)%00%(upstream:remoteref) refs/heads/main refs/remotes/main [36ms]
2023-04-03 09:40:33.492 [info] > git status -z -uall [12ms]
2023-04-03 09:40:33.492 [info] > git check-ignore -v -z --stdin [6ms]
2023-04-03 09:40:33.539 [info] > git show --textconv :boutique_ado/settings.py [23ms]
2023-04-03 09:40:33.541 [info] > git ls-files --stage -- /workspace/boutique_ado/boutique_ado/settings.py [4ms]
2023-04-03 09:40:33.560 [info] > git cat-file -s fe166938529a28a7cdc3253004e5572f00f4cf90 [2ms]
2023-04-03 09:40:34.464 [info] > git config --local branch.main.github-pr-owner-number [80ms]
2023-04-03 09:40:34.510 [info] > git config --get commit.template [4ms]
2023-04-03 09:40:34.549 [info] > git for-each-ref --format=%(refname)%00%(upstream:short)%00%(objectname)%00%(upstream:track)%00%(upstream:remotename)%00%(upstream:remoteref) refs/heads/main refs/remotes/main [19ms]
2023-04-03 09:40:34.568 [info] > git status -z -uall [2ms]
2023-04-03 09:41:24.203 [info] > git config --get commit.template [1ms]
2023-04-03 09:41:24.224 [info] > git for-each-ref --format=%(refname)%00%(upstream:short)%00%(objectname)%00%(upstream:track)%00%(upstream:remotename)%00%(upstream:remoteref) refs/heads/main refs/remotes/main [2ms]
2023-04-03 09:41:24.245 [info] > git status -z -uall [2ms]
2023-04-03 09:45:33.969 [info] > git config --local branch.main.github-pr-owner-number [1ms]
2023-04-03 09:45:33.990 [info] > git config --get commit.template [9ms]
2023-04-03 09:45:33.990 [info] > git for-each-ref --format=%(refname)%00%(upstream:short)%00%(objectname)%00%(upstream:track)%00%(upstream:remotename)%00%(upstream:remoteref) refs/heads/main refs/remotes/main [1ms]
2023-04-03 09:45:34.001 [info] > git status -z -uall [2ms]
