2023-04-03 09:46:04.981 [info] Log level: Info
2023-04-03 09:46:04.981 [info] Validating found git in: "git"
2023-04-03 09:46:04.981 [info] Using git "2.40.0" from "git"
2023-04-03 09:46:04.981 [info] > git rev-parse --show-toplevel [15ms]
2023-04-03 09:46:04.981 [info] > git rev-parse --git-dir --git-common-dir [1ms]
2023-04-03 09:46:04.981 [info] Open repository: /workspace/boutique_ado
2023-04-03 09:46:04.981 [info] > git config --get commit.template [23ms]
2023-04-03 09:46:04.981 [info] > git rev-parse --show-toplevel [59ms]
2023-04-03 09:46:04.981 [info] > git rev-parse --show-toplevel [3ms]
2023-04-03 09:46:04.981 [info] > git for-each-ref --format=%(refname)%00%(upstream:short)%00%(objectname)%00%(upstream:track)%00%(upstream:remotename)%00%(upstream:remoteref) refs/heads/main refs/remotes/main [4ms]
2023-04-03 09:46:04.981 [info] > git rev-parse --show-toplevel [40ms]
2023-04-03 09:46:04.981 [info] > git status -z -uall [5ms]
2023-04-03 09:46:04.981 [info] > git config --get commit.template [11ms]
2023-04-03 09:46:04.981 [info] > git for-each-ref --format=%(refname)%00%(upstream:short)%00%(objectname)%00%(upstream:track)%00%(upstream:remotename)%00%(upstream:remoteref) refs/heads/main refs/remotes/main [8ms]
2023-04-03 09:46:04.981 [info] > git status -z -uall [3ms]
2023-04-03 09:46:05.312 [info] > git check-ignore -v -z --stdin [3ms]
2023-04-03 09:46:05.903 [info] > git show --textconv :boutique_ado/settings.py [26ms]
2023-04-03 09:46:05.904 [info] > git ls-files --stage -- /workspace/boutique_ado/boutique_ado/settings.py [3ms]
2023-04-03 09:46:05.924 [info] > git cat-file -s fe166938529a28a7cdc3253004e5572f00f4cf90 [3ms]
2023-04-03 09:46:06.464 [info] > git config --local branch.main.github-pr-owner-number [81ms]
2023-04-03 09:46:06.513 [info] > git config --get commit.template [24ms]
2023-04-03 09:46:06.559 [info] > git for-each-ref --format=%(refname)%00%(upstream:short)%00%(objectname)%00%(upstream:track)%00%(upstream:remotename)%00%(upstream:remoteref) refs/heads/main refs/remotes/main [20ms]
2023-04-03 09:46:06.671 [info] > git status -z -uall [7ms]
2023-04-03 09:46:12.813 [info] > git config --get commit.template [19ms]
2023-04-03 09:46:12.814 [info] > git for-each-ref --format=%(refname)%00%(upstream:short)%00%(objectname)%00%(upstream:track)%00%(upstream:remotename)%00%(upstream:remoteref) refs/heads/main refs/remotes/main [2ms]
2023-04-03 09:46:12.827 [info] > git status -z -uall [2ms]
2023-04-03 09:49:12.487 [info] > git config --get commit.template [1ms]
2023-04-03 09:49:12.503 [info] > git for-each-ref --format=%(refname)%00%(upstream:short)%00%(objectname)%00%(upstream:track)%00%(upstream:remotename)%00%(upstream:remoteref) refs/heads/main refs/remotes/main [2ms]
2023-04-03 09:49:12.518 [info] > git status -z -uall [2ms]
2023-04-03 09:49:17.555 [info] > git config --get commit.template [16ms]
2023-04-03 09:49:17.555 [info] > git for-each-ref --format=%(refname)%00%(upstream:short)%00%(objectname)%00%(upstream:track)%00%(upstream:remotename)%00%(upstream:remoteref) refs/heads/main refs/remotes/main [2ms]
2023-04-03 09:49:17.567 [info] > git status -z -uall [2ms]
2023-04-03 09:49:30.306 [info] > git config --get commit.template [15ms]
2023-04-03 09:49:30.307 [info] > git for-each-ref --format=%(refname)%00%(upstream:short)%00%(objectname)%00%(upstream:track)%00%(upstream:remotename)%00%(upstream:remoteref) refs/heads/main refs/remotes/main [2ms]
2023-04-03 09:49:30.322 [info] > git status -z -uall [2ms]
2023-04-03 09:49:30.446 [info] > git check-ignore -v -z --stdin [1ms]
2023-04-03 09:49:47.790 [info] > git config --get commit.template [17ms]
2023-04-03 09:49:47.791 [info] > git for-each-ref --format=%(refname)%00%(upstream:short)%00%(objectname)%00%(upstream:track)%00%(upstream:remotename)%00%(upstream:remoteref) refs/heads/main refs/remotes/main [1ms]
2023-04-03 09:49:47.809 [info] > git status -z -uall [2ms]
2023-04-03 09:49:51.363 [info] > git check-ignore -v -z --stdin [1ms]
2023-04-03 09:50:05.812 [info] > git for-each-ref --format=%(refname)%00%(upstream:short)%00%(objectname)%00%(upstream:track)%00%(upstream:remotename)%00%(upstream:remoteref) refs/heads/main refs/remotes/main [1ms]
2023-04-03 09:50:05.812 [info] > git config --get commit.template [39ms]
2023-04-03 09:50:05.838 [info] > git status -z -uall [4ms]
2023-04-03 09:50:05.915 [info] > git ls-files --stage -- /workspace/boutique_ado/boutique_ado/settings.py [2ms]
2023-04-03 09:50:05.938 [info] > git cat-file -s 41e5361533fd3a21f673b8f77517ef0df1a215ab [2ms]
2023-04-03 09:50:05.999 [info] > git show --textconv :boutique_ado/settings.py [2ms]
2023-04-03 09:50:54.465 [info] > git config --get commit.template [19ms]
2023-04-03 09:50:54.465 [info] > git for-each-ref --format=%(refname)%00%(upstream:short)%00%(objectname)%00%(upstream:track)%00%(upstream:remotename)%00%(upstream:remoteref) refs/heads/main refs/remotes/main [2ms]
2023-04-03 09:50:54.485 [info] > git status -z -uall [2ms]
2023-04-03 09:50:54.630 [info] > git config --local branch.main.github-pr-owner-number [4ms]
2023-04-03 09:50:54.647 [info] > git config --get commit.template [2ms]
2023-04-03 09:50:54.677 [info] > git for-each-ref --format=%(refname)%00%(upstream:short)%00%(objectname)%00%(upstream:track)%00%(upstream:remotename)%00%(upstream:remoteref) refs/heads/main refs/remotes/main [13ms]
2023-04-03 09:50:54.690 [info] > git ls-files --stage -- /workspace/boutique_ado/boutique_ado/settings.py [13ms]
2023-04-03 09:50:54.700 [info] > git status -z -uall [12ms]
2023-04-03 09:50:54.724 [info] > git cat-file -s 41e5361533fd3a21f673b8f77517ef0df1a215ab [23ms]
2023-04-03 09:50:54.787 [info] > git show --textconv :boutique_ado/settings.py [15ms]
2023-04-03 09:51:01.378 [info] > git config --get commit.template [12ms]
2023-04-03 09:51:01.379 [info] > git for-each-ref --format=%(refname)%00%(upstream:short)%00%(objectname)%00%(upstream:track)%00%(upstream:remotename)%00%(upstream:remoteref) refs/heads/main refs/remotes/main [1ms]
2023-04-03 09:51:01.392 [info] > git status -z -uall [1ms]
2023-04-03 09:51:01.500 [info] > git config --local branch.main.github-pr-owner-number [41ms]
2023-04-03 09:51:01.516 [info] > git config --get commit.template [2ms]
2023-04-03 09:51:01.534 [info] > git for-each-ref --format=%(refname)%00%(upstream:short)%00%(objectname)%00%(upstream:track)%00%(upstream:remotename)%00%(upstream:remoteref) refs/heads/main refs/remotes/main [8ms]
2023-04-03 09:51:01.553 [info] > git status -z -uall [4ms]
2023-04-03 09:51:01.586 [info] > git ls-files --stage -- /workspace/boutique_ado/boutique_ado/settings.py [1ms]
2023-04-03 09:51:01.600 [info] > git cat-file -s 41e5361533fd3a21f673b8f77517ef0df1a215ab [2ms]
2023-04-03 09:51:01.648 [info] > git show --textconv :boutique_ado/settings.py [2ms]
2023-04-03 09:51:05.765 [info] > git config --local branch.main.github-pr-owner-number [2ms]
2023-04-03 09:51:05.800 [info] > git config --get commit.template [18ms]
2023-04-03 09:51:05.801 [info] > git for-each-ref --format=%(refname)%00%(upstream:short)%00%(objectname)%00%(upstream:track)%00%(upstream:remotename)%00%(upstream:remoteref) refs/heads/main refs/remotes/main [2ms]
2023-04-03 09:51:05.821 [info] > git status -z -uall [2ms]
2023-04-03 09:53:06.430 [info] > git check-ignore -v -z --stdin [2ms]
2023-04-03 09:53:06.951 [info] > git config --get commit.template [17ms]
2023-04-03 09:53:06.951 [info] > git for-each-ref --format=%(refname)%00%(upstream:short)%00%(objectname)%00%(upstream:track)%00%(upstream:remotename)%00%(upstream:remoteref) refs/heads/main refs/remotes/main [1ms]
2023-04-03 09:53:06.969 [info] > git status -z -uall [1ms]
2023-04-03 09:53:08.535 [info] > git show --textconv :requirements.txt [13ms]
2023-04-03 09:53:08.537 [info] > git ls-files --stage -- /workspace/boutique_ado/requirements.txt [3ms]
2023-04-03 09:53:25.215 [info] > git show --textconv :boutique_ado/urls.py [14ms]
2023-04-03 09:53:25.217 [info] > git ls-files --stage -- /workspace/boutique_ado/boutique_ado/urls.py [2ms]
2023-04-03 09:53:25.235 [info] > git cat-file -s ec3a0d27819be938ee074b89f1d4c9e6b6e17656 [5ms]
2023-04-03 09:56:05.841 [info] > git config --local branch.main.github-pr-owner-number [2ms]
2023-04-03 09:56:05.866 [info] > git config --get commit.template [12ms]
2023-04-03 09:56:05.867 [info] > git for-each-ref --format=%(refname)%00%(upstream:short)%00%(objectname)%00%(upstream:track)%00%(upstream:remotename)%00%(upstream:remoteref) refs/heads/main refs/remotes/main [2ms]
2023-04-03 09:56:05.885 [info] > git status -z -uall [2ms]
2023-04-03 10:01:05.909 [info] > git config --local branch.main.github-pr-owner-number [2ms]
2023-04-03 10:01:05.936 [info] > git config --get commit.template [10ms]
2023-04-03 10:01:05.937 [info] > git for-each-ref --format=%(refname)%00%(upstream:short)%00%(objectname)%00%(upstream:track)%00%(upstream:remotename)%00%(upstream:remoteref) refs/heads/main refs/remotes/main [1ms]
2023-04-03 10:01:05.951 [info] > git status -z -uall [2ms]
2023-04-03 10:06:05.975 [info] > git config --local branch.main.github-pr-owner-number [2ms]
2023-04-03 10:06:05.996 [info] > git config --get commit.template [1ms]
2023-04-03 10:06:06.018 [info] > git for-each-ref --format=%(refname)%00%(upstream:short)%00%(objectname)%00%(upstream:track)%00%(upstream:remotename)%00%(upstream:remoteref) refs/heads/main refs/remotes/main [2ms]
2023-04-03 10:06:06.038 [info] > git status -z -uall [2ms]
2023-04-03 10:11:06.060 [info] > git config --local branch.main.github-pr-owner-number [2ms]
2023-04-03 10:11:06.088 [info] > git config --get commit.template [11ms]
2023-04-03 10:11:06.089 [info] > git for-each-ref --format=%(refname)%00%(upstream:short)%00%(objectname)%00%(upstream:track)%00%(upstream:remotename)%00%(upstream:remoteref) refs/heads/main refs/remotes/main [2ms]
2023-04-03 10:11:06.105 [info] > git status -z -uall [2ms]
2023-04-03 10:13:14.425 [info] > git check-ignore -v -z --stdin [2ms]
2023-04-03 10:16:06.127 [info] > git config --local branch.main.github-pr-owner-number [1ms]
2023-04-03 10:16:06.160 [info] > git config --get commit.template [16ms]
2023-04-03 10:16:06.160 [info] > git for-each-ref --format=%(refname)%00%(upstream:short)%00%(objectname)%00%(upstream:track)%00%(upstream:remotename)%00%(upstream:remoteref) refs/heads/main refs/remotes/main [2ms]
2023-04-03 10:16:06.179 [info] > git status -z -uall [1ms]
2023-04-03 10:21:06.199 [info] > git config --local branch.main.github-pr-owner-number [1ms]
2023-04-03 10:21:06.217 [info] > git config --get commit.template [8ms]
2023-04-03 10:21:06.218 [info] > git for-each-ref --format=%(refname)%00%(upstream:short)%00%(objectname)%00%(upstream:track)%00%(upstream:remotename)%00%(upstream:remoteref) refs/heads/main refs/remotes/main [1ms]
2023-04-03 10:21:06.227 [info] > git status -z -uall [2ms]
2023-04-03 10:26:06.248 [info] > git config --local branch.main.github-pr-owner-number [1ms]
2023-04-03 10:26:06.281 [info] > git config --get commit.template [17ms]
2023-04-03 10:26:06.282 [info] > git for-each-ref --format=%(refname)%00%(upstream:short)%00%(objectname)%00%(upstream:track)%00%(upstream:remotename)%00%(upstream:remoteref) refs/heads/main refs/remotes/main [2ms]
2023-04-03 10:26:06.299 [info] > git status -z -uall [2ms]
2023-04-03 10:31:06.319 [info] > git config --local branch.main.github-pr-owner-number [1ms]
2023-04-03 10:31:06.348 [info] > git config --get commit.template [14ms]
2023-04-03 10:31:06.350 [info] > git for-each-ref --format=%(refname)%00%(upstream:short)%00%(objectname)%00%(upstream:track)%00%(upstream:remotename)%00%(upstream:remoteref) refs/heads/main refs/remotes/main [3ms]
2023-04-03 10:31:06.363 [info] > git status -z -uall [2ms]
2023-04-03 10:36:06.382 [info] > git config --local branch.main.github-pr-owner-number [1ms]
2023-04-03 10:36:06.415 [info] > git config --get commit.template [14ms]
2023-04-03 10:36:06.416 [info] > git for-each-ref --format=%(refname)%00%(upstream:short)%00%(objectname)%00%(upstream:track)%00%(upstream:remotename)%00%(upstream:remoteref) refs/heads/main refs/remotes/main [2ms]
2023-04-03 10:36:06.431 [info] > git status -z -uall [2ms]
2023-04-03 10:41:06.453 [info] > git config --local branch.main.github-pr-owner-number [1ms]
2023-04-03 10:41:06.480 [info] > git config --get commit.template [10ms]
2023-04-03 10:41:06.480 [info] > git for-each-ref --format=%(refname)%00%(upstream:short)%00%(objectname)%00%(upstream:track)%00%(upstream:remotename)%00%(upstream:remoteref) refs/heads/main refs/remotes/main [1ms]
2023-04-03 10:41:06.497 [info] > git status -z -uall [3ms]
2023-04-03 10:46:06.520 [info] > git config --local branch.main.github-pr-owner-number [1ms]
2023-04-03 10:46:06.541 [info] > git config --get commit.template [2ms]
2023-04-03 10:46:06.595 [info] > git for-each-ref --format=%(refname)%00%(upstream:short)%00%(objectname)%00%(upstream:track)%00%(upstream:remotename)%00%(upstream:remoteref) refs/heads/main refs/remotes/main [31ms]
2023-04-03 10:46:06.618 [info] > git status -z -uall [3ms]
2023-04-03 10:51:06.645 [info] > git config --local branch.main.github-pr-owner-number [2ms]
2023-04-03 10:51:06.679 [info] > git config --get commit.template [16ms]
2023-04-03 10:51:06.680 [info] > git for-each-ref --format=%(refname)%00%(upstream:short)%00%(objectname)%00%(upstream:track)%00%(upstream:remotename)%00%(upstream:remoteref) refs/heads/main refs/remotes/main [2ms]
2023-04-03 10:51:06.701 [info] > git status -z -uall [3ms]
