2023-04-03 09:46:05.546 [warning] /home/gitpod/.ssh/config: ENOENT: no such file or directory, open '/home/gitpod/.ssh/config'
2023-04-03 09:46:05.735 [info] Looking for git repository
2023-04-03 09:46:05.735 [info] Found 0 repositories during activation
2023-04-03 09:46:05.735 [info] Git repository found, initializing review manager and pr tree view.
2023-04-03 09:46:05.748 [info] Registering git provider
2023-04-03 09:46:05.748 [info] Review> Validate state in progress
2023-04-03 09:46:05.748 [info] Review> Validating state...
2023-04-03 09:46:05.842 [info] Found GitHub remote for folder /workspace/boutique_ado
2023-04-03 09:46:06.693 [info] Repo state for file:///workspace/boutique_ado changed.
2023-04-03 09:46:06.693 [info] Repo file:///workspace/boutique_ado has already been setup.
2023-04-03 09:46:06.698 [info] Review> no matching pull request metadata found for current branch main
2023-04-03 09:46:06.953 [info] Review> No matching pull request metadata found on GitHub for current branch main
2023-04-03 09:50:54.490 [info] Review> Validate state in progress
2023-04-03 09:50:54.490 [info] Review> Validating state...
2023-04-03 09:50:54.611 [info] Found GitHub remote for folder /workspace/boutique_ado
2023-04-03 09:50:54.706 [info] Review> no matching pull request metadata found for current branch main
2023-04-03 09:50:54.983 [info] Review> No matching pull request metadata found on GitHub for current branch main
2023-04-03 09:51:01.396 [info] Review> Validate state in progress
2023-04-03 09:51:01.396 [info] Review> Validating state...
2023-04-03 09:51:01.436 [info] Found GitHub remote for folder /workspace/boutique_ado
2023-04-03 09:51:01.555 [info] Review> no matching pull request metadata found for current branch main
2023-04-03 09:51:01.802 [info] Review> No matching pull request metadata found on GitHub for current branch main
