2023-04-03 09:46:02.486 [info] Extension host with pid 3110 started
2023-04-03 09:46:02.500 [error] Error: EEXIST: file already exists, open '/workspace/.vscode-remote/data/User/workspaceStorage/76023213/vscode.lock'
2023-04-03 09:46:02.511 [info] Lock '/workspace/.vscode-remote/data/User/workspaceStorage/76023213/vscode.lock': Could not acquire lock, checking if the file is stale.
2023-04-03 09:46:02.512 [info] Lock '/workspace/.vscode-remote/data/User/workspaceStorage/76023213/vscode.lock': The lock does not look stale, elapsed: 758 ms, giving up.
2023-04-03 09:46:02.516 [info] Lock '/workspace/.vscode-remote/data/User/workspaceStorage/76023213-1/vscode.lock': Lock acquired.
2023-04-03 09:46:02.606 [info] ExtensionService#_doActivateExtension vscode.emmet, startup: false, activationEvent: 'onLanguage'
2023-04-03 09:46:02.607 [info] ExtensionService#_doActivateExtension ms-python.python, startup: false, activationEvent: 'onLanguage:python'
2023-04-03 09:46:02.608 [info] ExtensionService#_doActivateExtension ms-toolsai.jupyter, startup: false, activationEvent: 'onLanguage:python'
2023-04-03 09:46:02.608 [info] ExtensionService#_doActivateExtension njpwerner.autodocstring, startup: false, activationEvent: 'onLanguage:python'
2023-04-03 09:46:02.609 [info] ExtensionService#_doActivateExtension vscode.git-base, startup: true, activationEvent: '*', root cause: vscode.git
2023-04-03 09:46:02.609 [info] ExtensionService#_doActivateExtension gitpod.gitpod-web, startup: true, activationEvent: '*'
2023-04-03 09:46:02.609 [info] ExtensionService#_doActivateExtension formulahendry.auto-close-tag, startup: true, activationEvent: '*'
2023-04-03 09:46:02.610 [info] ExtensionService#_doActivateExtension HookyQR.beautify, startup: true, activationEvent: '*'
2023-04-03 09:46:03.879 [info] ExtensionService#_doActivateExtension ms-toolsai.jupyter-renderers, startup: false, activationEvent: 'api', root cause: ms-toolsai.jupyter
2023-04-03 09:46:03.935 [info] ExtensionService#_doActivateExtension vscode.git, startup: true, activationEvent: '*'
2023-04-03 09:46:03.935 [info] ExtensionService#_doActivateExtension vscode.github, startup: true, activationEvent: '*'
2023-04-03 09:46:04.801 [info] ExtensionService#_doActivateExtension redhat.vscode-yaml, startup: false, activationEvent: 'onLanguage:yaml'
2023-04-03 09:46:04.916 [info] Eager extensions activated
2023-04-03 09:46:04.916 [info] ExtensionService#_doActivateExtension vscode.debug-auto-launch, startup: false, activationEvent: 'onStartupFinished'
2023-04-03 09:46:04.917 [info] ExtensionService#_doActivateExtension vscode.merge-conflict, startup: false, activationEvent: 'onStartupFinished'
2023-04-03 09:46:04.917 [info] ExtensionService#_doActivateExtension dalirnet.doctypes, startup: false, activationEvent: 'onStartupFinished'
2023-04-03 09:46:04.917 [info] ExtensionService#_doActivateExtension vscode.github-authentication, startup: false, activationEvent: 'onStartupFinished', root cause: GitHub.vscode-pull-request-github
2023-04-03 09:46:05.180 [info] ExtensionService#_doActivateExtension GitHub.vscode-pull-request-github, startup: false, activationEvent: 'onStartupFinished'
2023-04-03 09:46:05.450 [warning] [redhat.vscode-yaml] Accessing a resource scoped configuration without providing a resource is not expected. To get the effective value for '[yaml]', provide the URI of a resource or 'null' for any resource.
2023-04-03 09:46:05.453 [warning] [redhat.vscode-yaml] Accessing a resource scoped configuration without providing a resource is not expected. To get the effective value for '[yaml]', provide the URI of a resource or 'null' for any resource.
2023-04-03 09:46:08.615 [info] ExtensionService#_doActivateExtension vscode.configuration-editing, startup: false, activationEvent: 'onLanguage:jsonc'
2023-04-03 09:46:08.616 [info] ExtensionService#_doActivateExtension vscode.json-language-features, startup: false, activationEvent: 'onLanguage:jsonc'
2023-04-03 09:46:08.616 [info] ExtensionService#_doActivateExtension vscode.typescript-language-features, startup: false, activationEvent: 'onLanguage:jsonc'
