2023-04-03 09:06:05.722 [info] Log level: Info
2023-04-03 09:06:05.722 [info] Validating found git in: "git"
2023-04-03 09:06:05.722 [info] Using git "2.40.0" from "git"
2023-04-03 09:06:05.722 [info] > git rev-parse --show-toplevel [21ms]
2023-04-03 09:06:05.722 [info] > git rev-parse --git-dir --git-common-dir [3ms]
2023-04-03 09:06:05.722 [info] Open repository: /workspace/boutique_ado
2023-04-03 09:06:05.722 [info] > git config --get commit.template [9ms]
2023-04-03 09:06:05.722 [info] > git rev-parse --show-toplevel [18ms]
2023-04-03 09:06:05.722 [info] > git for-each-ref --format=%(refname)%00%(upstream:short)%00%(objectname)%00%(upstream:track)%00%(upstream:remotename)%00%(upstream:remoteref) refs/heads/main refs/remotes/main [2ms]
2023-04-03 09:06:05.722 [info] > git status -z -uall [2ms]
2023-04-03 09:06:05.722 [info] > git config --get commit.template [10ms]
2023-04-03 09:06:05.723 [info] > git for-each-ref --format=%(refname)%00%(upstream:short)%00%(objectname)%00%(upstream:track)%00%(upstream:remotename)%00%(upstream:remoteref) refs/heads/main refs/remotes/main [2ms]
2023-04-03 09:06:05.723 [info] > git status -z -uall [3ms]
2023-04-03 09:06:05.723 [info] > git check-ignore -v -z --stdin [2ms]
2023-04-03 09:06:06.899 [info] > git config --local branch.main.github-pr-owner-number [74ms]
2023-04-03 09:06:06.914 [info] > git config --get commit.template [2ms]
2023-04-03 09:06:06.936 [info] > git for-each-ref --format=%(refname)%00%(upstream:short)%00%(objectname)%00%(upstream:track)%00%(upstream:remotename)%00%(upstream:remoteref) refs/heads/main refs/remotes/main [11ms]
2023-04-03 09:06:06.949 [info] > git status -z -uall [2ms]
2023-04-03 09:06:16.830 [info] > git show --textconv :README.md [13ms]
2023-04-03 09:06:16.844 [info] > git ls-files --stage -- /workspace/boutique_ado/README.md [15ms]
2023-04-03 09:06:16.861 [info] > git cat-file -s 610bf084bbaedd57a77947c7a17826ef90c20c90 [3ms]
2023-04-03 09:07:28.134 [info] > git config --get commit.template [2ms]
2023-04-03 09:07:28.149 [info] > git for-each-ref --format=%(refname)%00%(upstream:short)%00%(objectname)%00%(upstream:track)%00%(upstream:remotename)%00%(upstream:remoteref) refs/heads/main refs/remotes/main [2ms]
2023-04-03 09:07:28.164 [info] > git status -z -uall [6ms]
2023-04-03 09:07:28.242 [info] > git check-ignore -v -z --stdin [1ms]
2023-04-03 09:07:34.145 [info] > git show --textconv :.gitignore [17ms]
2023-04-03 09:07:34.145 [info] > git ls-files --stage -- /workspace/boutique_ado/.gitignore [2ms]
2023-04-03 09:07:34.163 [info] > git cat-file -s c7bfd08cc5d7c76df17250d4b7f4c2310806ad33 [3ms]
2023-04-03 09:09:23.668 [info] > git check-ignore -v -z --stdin [1ms]
2023-04-03 09:09:24.072 [info] > git config --get commit.template [13ms]
2023-04-03 09:09:24.072 [info] > git for-each-ref --format=%(refname)%00%(upstream:short)%00%(objectname)%00%(upstream:track)%00%(upstream:remotename)%00%(upstream:remoteref) refs/heads/main refs/remotes/main [1ms]
2023-04-03 09:09:24.106 [info] > git status -z -uall [1ms]
2023-04-03 09:09:45.659 [info] > git check-ignore -v -z --stdin [46ms]
2023-04-03 09:09:46.195 [info] > git config --get commit.template [2ms]
2023-04-03 09:09:46.210 [info] > git for-each-ref --format=%(refname)%00%(upstream:short)%00%(objectname)%00%(upstream:track)%00%(upstream:remotename)%00%(upstream:remoteref) refs/heads/main refs/remotes/main [4ms]
2023-04-03 09:09:46.227 [info] > git status -z -uall [2ms]
2023-04-03 09:11:06.461 [info] > git config --local branch.main.github-pr-owner-number [1ms]
2023-04-03 09:11:06.487 [info] > git config --get commit.template [13ms]
2023-04-03 09:11:06.488 [info] > git for-each-ref --format=%(refname)%00%(upstream:short)%00%(objectname)%00%(upstream:track)%00%(upstream:remotename)%00%(upstream:remoteref) refs/heads/main refs/remotes/main [1ms]
2023-04-03 09:11:06.503 [info] > git status -z -uall [2ms]
2023-04-03 09:12:08.261 [info] > git config --get commit.template [11ms]
2023-04-03 09:12:08.262 [info] > git for-each-ref --format=%(refname)%00%(upstream:short)%00%(objectname)%00%(upstream:track)%00%(upstream:remotename)%00%(upstream:remoteref) refs/heads/main refs/remotes/main [1ms]
2023-04-03 09:12:08.272 [info] > git status -z -uall [2ms]
2023-04-03 09:13:30.615 [info] > git config --get commit.template [14ms]
2023-04-03 09:13:30.617 [info] > git for-each-ref --format=%(refname)%00%(upstream:short)%00%(objectname)%00%(upstream:track)%00%(upstream:remotename)%00%(upstream:remoteref) refs/heads/main refs/remotes/main [2ms]
2023-04-03 09:13:30.631 [info] > git status -z -uall [3ms]
2023-04-03 09:13:42.758 [info] > git config --get commit.template [12ms]
2023-04-03 09:13:42.759 [info] > git for-each-ref --format=%(refname)%00%(upstream:short)%00%(objectname)%00%(upstream:track)%00%(upstream:remotename)%00%(upstream:remoteref) refs/heads/main refs/remotes/main [2ms]
2023-04-03 09:13:42.769 [info] > git status -z -uall [2ms]
2023-04-03 09:13:42.896 [info] > git ls-files --stage -- /workspace/boutique_ado/.gitignore [2ms]
2023-04-03 09:13:42.915 [info] > git cat-file -s 43643e3346c7b9ad2ec8f220319ff937aa8a5a7c [3ms]
2023-04-03 09:13:42.978 [info] > git show --textconv :.gitignore [2ms]
2023-04-03 09:13:57.623 [info] > git config --get commit.template [11ms]
2023-04-03 09:13:57.623 [info] > git for-each-ref --format=%(refname)%00%(upstream:short)%00%(objectname)%00%(upstream:track)%00%(upstream:remotename)%00%(upstream:remoteref) refs/heads/main refs/remotes/main [1ms]
2023-04-03 09:13:57.638 [info] > git status -z -uall [2ms]
2023-04-03 09:13:57.791 [info] > git config --local branch.main.github-pr-owner-number [5ms]
2023-04-03 09:13:57.823 [info] > git config --get commit.template [15ms]
2023-04-03 09:13:57.825 [info] > git for-each-ref --format=%(refname)%00%(upstream:short)%00%(objectname)%00%(upstream:track)%00%(upstream:remotename)%00%(upstream:remoteref) refs/heads/main refs/remotes/main [1ms]
2023-04-03 09:13:57.852 [info] > git status -z -uall [14ms]
2023-04-03 09:13:57.869 [info] > git ls-files --stage -- /workspace/boutique_ado/.gitignore [17ms]
2023-04-03 09:13:57.881 [info] > git cat-file -s 43643e3346c7b9ad2ec8f220319ff937aa8a5a7c [1ms]
2023-04-03 09:13:57.928 [info] > git show --textconv :.gitignore [2ms]
2023-04-03 09:14:08.597 [info] > git config --get commit.template [15ms]
2023-04-03 09:14:08.598 [info] > git for-each-ref --format=%(refname)%00%(upstream:short)%00%(objectname)%00%(upstream:track)%00%(upstream:remotename)%00%(upstream:remoteref) refs/heads/main refs/remotes/main [2ms]
2023-04-03 09:14:08.613 [info] > git status -z -uall [1ms]
2023-04-03 09:14:08.707 [info] > git config --local branch.main.github-pr-owner-number [39ms]
2023-04-03 09:14:08.723 [info] > git config --get commit.template [2ms]
2023-04-03 09:14:08.746 [info] > git for-each-ref --format=%(refname)%00%(upstream:short)%00%(objectname)%00%(upstream:track)%00%(upstream:remotename)%00%(upstream:remoteref) refs/heads/main refs/remotes/main [9ms]
2023-04-03 09:14:08.763 [info] > git status -z -uall [4ms]
2023-04-03 09:14:08.792 [info] > git ls-files --stage -- /workspace/boutique_ado/.gitignore [2ms]
2023-04-03 09:14:08.808 [info] > git cat-file -s 43643e3346c7b9ad2ec8f220319ff937aa8a5a7c [2ms]
2023-04-03 09:14:08.855 [info] > git show --textconv :.gitignore [2ms]
2023-04-03 09:15:38.063 [info] > git check-ignore -v -z --stdin [2ms]
2023-04-03 09:15:40.706 [info] > git show --textconv :boutique_ado/settings.py [62ms]
2023-04-03 09:15:40.717 [info] > git ls-files --stage -- /workspace/boutique_ado/boutique_ado/settings.py [13ms]
2023-04-03 09:15:40.747 [info] > git cat-file -s fe166938529a28a7cdc3253004e5572f00f4cf90 [11ms]
2023-04-03 09:16:06.521 [info] > git config --local branch.main.github-pr-owner-number [1ms]
2023-04-03 09:16:06.537 [info] > git config --get commit.template [8ms]
2023-04-03 09:16:06.538 [info] > git for-each-ref --format=%(refname)%00%(upstream:short)%00%(objectname)%00%(upstream:track)%00%(upstream:remotename)%00%(upstream:remoteref) refs/heads/main refs/remotes/main [1ms]
2023-04-03 09:16:06.548 [info] > git status -z -uall [2ms]
2023-04-03 09:21:06.586 [info] > git config --local branch.main.github-pr-owner-number [1ms]
2023-04-03 09:21:06.618 [info] > git config --get commit.template [17ms]
2023-04-03 09:21:06.619 [info] > git for-each-ref --format=%(refname)%00%(upstream:short)%00%(objectname)%00%(upstream:track)%00%(upstream:remotename)%00%(upstream:remoteref) refs/heads/main refs/remotes/main [2ms]
2023-04-03 09:21:06.633 [info] > git status -z -uall [2ms]
2023-04-03 09:26:06.652 [info] > git config --local branch.main.github-pr-owner-number [2ms]
2023-04-03 09:26:06.677 [info] > git config --get commit.template [11ms]
2023-04-03 09:26:06.678 [info] > git for-each-ref --format=%(refname)%00%(upstream:short)%00%(objectname)%00%(upstream:track)%00%(upstream:remotename)%00%(upstream:remoteref) refs/heads/main refs/remotes/main [2ms]
2023-04-03 09:26:06.690 [info] > git status -z -uall [3ms]
