2023-04-03 10:53:59.330 [info] Log level: Info
2023-04-03 10:53:59.330 [info] Validating found git in: "git"
2023-04-03 10:53:59.330 [info] Using git "2.40.0" from "git"
2023-04-03 10:53:59.330 [info] > git rev-parse --show-toplevel [6ms]
2023-04-03 10:53:59.330 [info] > git rev-parse --git-dir --git-common-dir [6ms]
2023-04-03 10:53:59.330 [info] Open repository: /workspace/boutique_ado
2023-04-03 10:53:59.330 [info] > git config --get commit.template [8ms]
2023-04-03 10:53:59.330 [info] > git rev-parse --show-toplevel [22ms]
2023-04-03 10:53:59.330 [info] > git rev-parse --show-toplevel [19ms]
2023-04-03 10:53:59.330 [info] > git for-each-ref --format=%(refname)%00%(upstream:short)%00%(objectname)%00%(upstream:track)%00%(upstream:remotename)%00%(upstream:remoteref) refs/heads/main refs/remotes/main [19ms]
2023-04-03 10:53:59.330 [info] > git status -z -uall [1ms]
2023-04-03 10:53:59.330 [info] > git rev-parse --show-toplevel [14ms]
2023-04-03 10:53:59.330 [info] > git rev-parse --show-toplevel [37ms]
2023-04-03 10:53:59.330 [info] > git config --get commit.template [5ms]
2023-04-03 10:53:59.330 [info] > git for-each-ref --format=%(refname)%00%(upstream:short)%00%(objectname)%00%(upstream:track)%00%(upstream:remotename)%00%(upstream:remoteref) refs/heads/main refs/remotes/main [10ms]
2023-04-03 10:53:59.330 [info] > git status -z -uall [13ms]
2023-04-03 10:53:59.614 [info] > git check-ignore -v -z --stdin [9ms]
2023-04-03 10:53:59.712 [info] > git show --textconv :boutique_ado/settings.py [68ms]
2023-04-03 10:53:59.714 [info] > git ls-files --stage -- /workspace/boutique_ado/boutique_ado/settings.py [5ms]
2023-04-03 10:53:59.735 [info] > git cat-file -s 41e5361533fd3a21f673b8f77517ef0df1a215ab [2ms]
2023-04-03 10:54:00.715 [info] > git config --local branch.main.github-pr-owner-number [106ms]
2023-04-03 10:54:00.789 [info] > git config --get commit.template [4ms]
2023-04-03 10:54:00.876 [info] > git for-each-ref --format=%(refname)%00%(upstream:short)%00%(objectname)%00%(upstream:track)%00%(upstream:remotename)%00%(upstream:remoteref) refs/heads/main refs/remotes/main [69ms]
2023-04-03 10:54:00.901 [info] > git status -z -uall [5ms]
